# JRE version: Java(TM) SE Runtime Environment (8.0_05-b13) (build 1.8.0_05-b13)
# Java VM: Java HotSpot(TM) 64-Bit Server VM (25.5-b02 mixed mode windows-amd64 compressed oops)
Heap:
 PSYoungGen      total 3584K, used 2713K [0x00000000f0700000, 0x00000000f0c00000, 0x0000000100000000)
  eden space 2048K, 96% used [0x00000000f0700000,0x00000000f08ee790,0x00000000f0900000)
  from space 1536K, 47% used [0x00000000f0a80000,0x00000000f0b38000,0x00000000f0c00000)
  to   space 1536K, 0% used [0x00000000f0900000,0x00000000f0900000,0x00000000f0a80000)
 ParOldGen       total 47616K, used 1024K [0x00000000d1400000, 0x00000000d4280000, 0x00000000f0700000)
  object space 47616K, 2% used [0x00000000d1400000,0x00000000d1500060,0x00000000d4280000)
 Metaspace       used 9916K, capacity 10108K, committed 10368K, reserved 1058816K
  class space    used 1283K, capacity 1347K, committed 1408K, reserved 1048576K
GC Heap History (10 events):
Event: 0.224 GC heap before
{Heap before GC invocations=2 (full 0):
 PSYoungGen      total 1024K, used 944K [0x00000000f0700000, 0x00000000f0880000, 0x0000000100000000)
  eden space 512K, 100% used [0x00000000f0700000,0x00000000f0780000,0x00000000f0780000)
  from space 512K, 84% used [0x00000000f0780000,0x00000000f07ec010,0x00000000f0800000)
  to   space 512K, 0% used [0x00000000f0800000,0x00000000f0800000,0x00000000f0880000)
 ParOldGen       total 47616K, used 8K [0x00000000d1400000, 0x00000000d4280000, 0x00000000f0700000)
  object space 47616K, 0% used [0x00000000d1400000,0x00000000d1402000,0x00000000d4280000)
 Metaspace       used 4674K, capacity 4740K, committed 4992K, reserved 1056768K
  class space    used 530K, capacity 538K, committed 640K, reserved 1048576K
Event: 0.226 GC heap after
Heap after GC invocations=2 (full 0):
 PSYoungGen      total 1024K, used 496K [0x00000000f0700000, 0x00000000f0900000, 0x0000000100000000)
  eden space 512K, 0% used [0x00000000f0700000,0x00000000f0700000,0x00000000f0780000)
  from space 512K, 96% used [0x00000000f0800000,0x00000000f087c010,0x00000000f0880000)
  to   space 512K, 0% used [0x00000000f0780000,0x00000000f0780000,0x00000000f0800000)
 ParOldGen       total 47616K, used 48K [0x00000000d1400000, 0x00000000d4280000, 0x00000000f0700000)
  object space 47616K, 0% used [0x00000000d1400000,0x00000000d140c000,0x00000000d4280000)
 Metaspace       used 4674K, capacity 4740K, committed 4992K, reserved 1056768K
  class space    used 530K, capacity 538K, committed 640K, reserved 1048576K
}
Event: 0.262 GC heap before
{Heap before GC invocations=3 (full 0):
 PSYoungGen      total 1024K, used 1008K [0x00000000f0700000, 0x00000000f0900000, 0x0000000100000000)
  eden space 512K, 100% used [0x00000000f0700000,0x00000000f0780000,0x00000000f0780000)
  from space 512K, 96% used [0x00000000f0800000,0x00000000f087c010,0x00000000f0880000)
  to   space 512K, 0% used [0x00000000f0780000,0x00000000f0780000,0x00000000f0800000)
 ParOldGen       total 47616K, used 48K [0x00000000d1400000, 0x00000000d4280000, 0x00000000f0700000)
  object space 47616K, 0% used [0x00000000d1400000,0x00000000d140c000,0x00000000d4280000)
 Metaspace       used 4938K, capacity 5096K, committed 5248K, reserved 1056768K
  class space    used 573K, capacity 598K, committed 640K, reserved 1048576K
Event: 0.264 GC heap after
Heap after GC invocations=3 (full 0):
 PSYoungGen      total 1024K, used 496K [0x00000000f0700000, 0x00000000f0900000, 0x0000000100000000)
  eden space 512K, 0% used [0x00000000f0700000,0x00000000f0700000,0x00000000f0780000)
  from space 512K, 96% used [0x00000000f0780000,0x00000000f07fc010,0x00000000f0800000)
  to   space 512K, 0% used [0x00000000f0880000,0x00000000f0880000,0x00000000f0900000)
 ParOldGen       total 47616K, used 120K [0x00000000d1400000, 0x00000000d4280000, 0x00000000f0700000)
  object space 47616K, 0% used [0x00000000d1400000,0x00000000d141e000,0x00000000d4280000)
 Metaspace       used 4938K, capacity 5096K, committed 5248K, reserved 1056768K
  class space    used 573K, capacity 598K, committed 640K, reserved 1048576K
}
Event: 0.303 GC heap before
{Heap before GC invocations=4 (full 0):
 PSYoungGen      total 1024K, used 1008K [0x00000000f0700000, 0x00000000f0900000, 0x0000000100000000)
  eden space 512K, 100% used [0x00000000f0700000,0x00000000f0780000,0x00000000f0780000)
  from space 512K, 96% used [0x00000000f0780000,0x00000000f07fc010,0x00000000f0800000)
  to   space 512K, 0% used [0x00000000f0880000,0x00000000f0880000,0x00000000f0900000)
 ParOldGen       total 47616K, used 120K [0x00000000d1400000, 0x00000000d4280000, 0x00000000f0700000)
  object space 47616K, 0% used [0x00000000d1400000,0x00000000d141e000,0x00000000d4280000)
 Metaspace       used 5869K, capacity 5992K, committed 6144K, reserved 1056768K
  class space    used 699K, capacity 726K, committed 768K, reserved 1048576K
Event: 0.305 GC heap after
Heap after GC invocations=4 (full 0):
 PSYoungGen      total 1536K, used 496K [0x00000000f0700000, 0x00000000f0900000, 0x0000000100000000)
  eden space 1024K, 0% used [0x00000000f0700000,0x00000000f0700000,0x00000000f0800000)
  from space 512K, 96% used [0x00000000f0880000,0x00000000f08fc010,0x00000000f0900000)
  to   space 512K, 0% used [0x00000000f0800000,0x00000000f0800000,0x00000000f0880000)
 ParOldGen       total 47616K, used 512K [0x00000000d1400000, 0x00000000d4280000, 0x00000000f0700000)
  object space 47616K, 1% used [0x00000000d1400000,0x00000000d1480040,0x00000000d4280000)
 Metaspace       used 5869K, capacity 5992K, committed 6144K, reserved 1056768K
  class space    used 699K, capacity 726K, committed 768K, reserved 1048576K
}
Event: 0.599 GC heap before
{Heap before GC invocations=5 (full 0):
 PSYoungGen      total 1536K, used 1520K [0x00000000f0700000, 0x00000000f0900000, 0x0000000100000000)
  eden space 1024K, 100% used [0x00000000f0700000,0x00000000f0800000,0x00000000f0800000)
  from space 512K, 96% used [0x00000000f0880000,0x00000000f08fc010,0x00000000f0900000)
  to   space 512K, 0% used [0x00000000f0800000,0x00000000f0800000,0x00000000f0880000)
 ParOldGen       total 47616K, used 512K [0x00000000d1400000, 0x00000000d4280000, 0x00000000f0700000)
  object space 47616K, 1% used [0x00000000d1400000,0x00000000d1480040,0x00000000d4280000)
 Metaspace       used 9120K, capacity 9296K, committed 9472K, reserved 1056768K
  class space    used 1176K, capacity 1249K, committed 1280K, reserved 1048576K
Event: 0.602 GC heap after
Heap after GC invocations=5 (full 0):
 PSYoungGen      total 1536K, used 512K [0x00000000f0700000, 0x00000000f0c00000, 0x0000000100000000)
  eden space 1024K, 0% used [0x00000000f0700000,0x00000000f0700000,0x00000000f0800000)
  from space 512K, 100% used [0x00000000f0800000,0x00000000f0880000,0x00000000f0880000)
  to   space 1536K, 0% used [0x00000000f0a80000,0x00000000f0a80000,0x00000000f0c00000)
 ParOldGen       total 47616K, used 1016K [0x00000000d1400000, 0x00000000d4280000, 0x00000000f0700000)
  object space 47616K, 2% used [0x00000000d1400000,0x00000000d14fe060,0x00000000d4280000)
 Metaspace       used 9120K, capacity 9296K, committed 9472K, reserved 1056768K
  class space    used 1176K, capacity 1249K, committed 1280K, reserved 1048576K
}
Event: 660.695 GC heap before
{Heap before GC invocations=6 (full 0):
 PSYoungGen      total 1536K, used 1536K [0x00000000f0700000, 0x00000000f0c00000, 0x0000000100000000)
  eden space 1024K, 100% used [0x00000000f0700000,0x00000000f0800000,0x00000000f0800000)
  from space 512K, 100% used [0x00000000f0800000,0x00000000f0880000,0x00000000f0880000)
  to   space 1536K, 0% used [0x00000000f0a80000,0x00000000f0a80000,0x00000000f0c00000)
 ParOldGen       total 47616K, used 1016K [0x00000000d1400000, 0x00000000d4280000, 0x00000000f0700000)
  object space 47616K, 2% used [0x00000000d1400000,0x00000000d14fe060,0x00000000d4280000)
 Metaspace       used 9909K, capacity 10108K, committed 10368K, reserved 1058816K
  class space    used 1283K, capacity 1347K, committed 1408K, reserved 1048576K
Event: 660.699 GC heap after
Heap after GC invocations=6 (full 0):
 PSYoungGen      total 3584K, used 736K [0x00000000f0700000, 0x00000000f0c00000, 0x0000000100000000)
  eden space 2048K, 0% used [0x00000000f0700000,0x00000000f0700000,0x00000000f0900000)
  from space 1536K, 47% used [0x00000000f0a80000,0x00000000f0b38000,0x00000000f0c00000)
  to   space 1536K, 0% used [0x00000000f0900000,0x00000000f0900000,0x00000000f0a80000)
 ParOldGen       total 47616K, used 1024K [0x00000000d1400000, 0x00000000d4280000, 0x00000000f0700000)
  object space 47616K, 2% used [0x00000000d1400000,0x00000000d1500060,0x00000000d4280000)
 Metaspace       used 9909K, capacity 10108K, committed 10368K, reserved 1058816K
  class space    used 1283K, capacity 1347K, committed 1408K, reserved 1048576K
}

